<?xml version="1.0" encoding="UTF-8" ?>
<testsuite failures="0" time="0.05" errors="0" skipped="0" tests="4" name="com.congdongjava.test.VideoDaoTest">
  <properties>
[...]
</properties>
  <testcase time="0.009" classname="com.congdongjava.test.VideoDaoTest" name="testFindById"/>
  <testcase time="0.007" classname="com.congdongjava.test.VideoDaoTest" name="testFindByCode"/>
  <testcase time="0.026" classname="com.congdongjava.test.VideoDaoTest" name="testInsertUpdateDelete"/>
  <testcase time="0.008" classname="com.congdongjava.test.VideoDaoTest" name="testFindAllOrderedByDate"/>
</testsuite>